<?xml version="1.0" encoding="UTF-8"?>
<!-- Generated by org.testng.reporters.JUnitReportReporter -->
<testsuite hostname="LAPTOP-T7GIG787" failures="0" tests="1" name="com.solvd.laba.carina.demo.HelloWorld" time="0.080" errors="0" timestamp="2022-06-23T13:04:13 MSK" skipped="0">
  <testcase classname="com.solvd.laba.carina.demo.HelloWorld" name="helloWorld" time="0.080"/>
  <system-out/>
</testsuite> <!-- com.solvd.laba.carina.demo.HelloWorld -->
